<?xml version="1.0" encoding="UTF-8"?>
<Site BuildName="(empty)"
	BuildStamp="20240811-0711-Experimental"
	Name="hulkbuster"
	Generator="ctest-3.27.6"
	CompilerName="/usr/bin/c++"
	CompilerVersion="9.4.0"
	OSName="Linux"
	Hostname="hulkbuster"
	OSRelease="5.15.0-107-generic"
	OSVersion="#117~20.04.1-Ubuntu SMP Tue Apr 30 10:35:57 UTC 2024"
	OSPlatform="x86_64"
	Is64Bits="1"
	VendorString="GenuineIntel"
	VendorID="Intel Corporation"
	FamilyID="6"
	ModelID="85"
	ProcessorCacheSize="14080"
	NumberOfLogicalCPU="20"
	NumberOfPhysicalCPU="10"
	TotalVirtualMemory="2047"
	TotalPhysicalMemory="64172"
	LogicalProcessorsPerPhysical="2"
	ProcessorClockFrequency="3300"
	>
	<Testing>
		<StartDateTime>Aug 11 17:11 AEST</StartDateTime>
		<StartTestTime>1723360289</StartTestTime>
		<TestList/>
		<EndDateTime>Aug 11 17:11 AEST</EndDateTime>
		<EndTestTime>1723360289</EndTestTime>
		<ElapsedMinutes>0</ElapsedMinutes>
	</Testing>
</Site>
